<?xml version="1.0" encoding="UTF-8"?>
<!-- Generated by org.testng.reporters.JUnitReportReporter -->
<testsuite hostname="AFRA" failures="0" tests="1" name="com.CommerceAP.TestCases.TC_LoginTest_001" time="11.676" errors="0" timestamp="2021-03-21T22:45:14 EDT" skipped="0">
  <testcase classname="com.CommerceAP.TestCases.TC_LoginTest_001" name="loginTest" time="11.676"/>
  <system-out/>
</testsuite> <!-- com.CommerceAP.TestCases.TC_LoginTest_001 -->
