<?xml version="1.0" encoding="UTF-8"?>
<!-- Generated by org.testng.reporters.JUnitReportReporter -->
<testsuite hostname="AFRA" failures="0" tests="1" name="com.CommerceAP.TestCases.TC_AddProducts_002" time="32.493" errors="0" timestamp="2021-02-05T16:47:57 EST" skipped="0">
  <testcase classname="com.CommerceAP.TestCases.TC_AddProducts_002" name="AddProducts" time="32.493"/>
  <system-out/>
</testsuite> <!-- com.CommerceAP.TestCases.TC_AddProducts_002 -->
