<?xml version="1.0" encoding="UTF-8"?>
<!-- Generated by org.testng.reporters.JUnitReportReporter -->
<testsuite hostname="AFRA" failures="0" tests="1" name="com.CommerceAP.TestCases.TC_LoginTest_001" time="24.602" errors="0" timestamp="2021-02-05T16:35:30 EST" skipped="0">
  <testcase classname="com.CommerceAP.TestCases.TC_LoginTest_001" name="loginTest" time="24.602"/>
  <system-out/>
</testsuite> <!-- com.CommerceAP.TestCases.TC_LoginTest_001 -->
