<?xml version="1.0" encoding="UTF-8"?>
<!-- Generated by org.testng.reporters.JUnitReportReporter -->
<testsuite hostname="AFRA" failures="0" tests="1" name="com.CommerceAP.TestCases.TC_AddBestsellers_012" time="27.002" errors="0" timestamp="2021-03-06T12:20:51 EST" skipped="0">
  <testcase classname="com.CommerceAP.TestCases.TC_AddBestsellers_012" name="AddBestsellers" time="27.002"/>
  <system-out/>
</testsuite> <!-- com.CommerceAP.TestCases.TC_AddBestsellers_012 -->
