<?xml version="1.0" encoding="UTF-8"?>
<!-- Generated by org.testng.reporters.JUnitReportReporter -->
<testsuite hostname="AFRA" failures="0" tests="1" name="com.CommerceAP.TestCases.TC_AddNewsItems_013" time="25.020" errors="0" timestamp="2021-03-24T13:02:59 EDT" skipped="0">
  <testcase classname="com.CommerceAP.TestCases.TC_AddNewsItems_013" name="AddNewsItems" time="25.020"/>
  <system-out/>
</testsuite> <!-- com.CommerceAP.TestCases.TC_AddNewsItems_013 -->
