<?xml version="1.0" encoding="UTF-8"?>
<!-- Generated by org.testng.reporters.JUnitReportReporter -->
<testsuite hostname="AFRA" failures="0" tests="1" name="com.CommerceAP.TestCases.TC_AddEmailaccount_010" time="27.950" errors="0" timestamp="2021-03-22T14:40:13 EDT" skipped="0">
  <testcase classname="com.CommerceAP.TestCases.TC_AddEmailaccount_010" name="AddEmailaccount" time="27.950"/>
  <system-out/>
</testsuite> <!-- com.CommerceAP.TestCases.TC_AddEmailaccount_010 -->
