<?xml version="1.0" encoding="UTF-8"?>
<!-- Generated by org.testng.reporters.JUnitReportReporter -->
<testsuite hostname="AFRA" failures="0" tests="1" name="com.CommerceAP.TestCases.TC_AddCoustomers_006" time="41.517" errors="0" timestamp="2021-03-06T11:44:17 EST" skipped="0">
  <testcase classname="com.CommerceAP.TestCases.TC_AddCoustomers_006" name="AddCoustomers" time="41.517"/>
  <system-out/>
</testsuite> <!-- com.CommerceAP.TestCases.TC_AddCoustomers_006 -->
