<?xml version="1.0" encoding="UTF-8"?>
<!-- Generated by org.testng.reporters.JUnitReportReporter -->
<testsuite hostname="AFRA" failures="0" tests="1" name="com.CommerceAP.TestCases.TC_AddCatagories_003" time="29.193" errors="0" timestamp="2021-02-25T12:49:11 EST" skipped="0">
  <testcase classname="com.CommerceAP.TestCases.TC_AddCatagories_003" name="AddCatagories" time="29.193"/>
  <system-out/>
</testsuite> <!-- com.CommerceAP.TestCases.TC_AddCatagories_003 -->
