<?xml version="1.0" encoding="UTF-8"?>
<!-- Generated by org.testng.reporters.JUnitReportReporter -->
<testsuite hostname="AFRA" failures="0" tests="1" name="com.CommerceAP.TestCases.TC_AddDiscounts_008" time="32.892" errors="0" timestamp="2021-02-26T12:02:58 EST" skipped="0">
  <testcase classname="com.CommerceAP.TestCases.TC_AddDiscounts_008" name="AddDiscounts" time="32.892"/>
  <system-out/>
</testsuite> <!-- com.CommerceAP.TestCases.TC_AddDiscounts_008 -->
