<?xml version="1.0" encoding="UTF-8"?>
<!-- Generated by org.testng.reporters.JUnitReportReporter -->
<testsuite hostname="AFRA" failures="0" tests="1" name="com.CommerceAP.TestCases.TC_AddCoustomers_006" time="24.867" errors="0" timestamp="2021-02-19T16:33:25 EST" skipped="0">
  <testcase classname="com.CommerceAP.TestCases.TC_AddCoustomers_006" name="AddCoustomers" time="24.867"/>
  <system-out/>
</testsuite> <!-- com.CommerceAP.TestCases.TC_AddCoustomers_006 -->
