<?xml version="1.0" encoding="UTF-8"?>
<!-- Generated by org.testng.reporters.JUnitReportReporter -->
<testsuite hostname="AFRA" failures="0" tests="1" name="com.CommerceAP.TestCases.TC_AddLanguages_011" time="28.942" errors="0" timestamp="2021-02-27T21:36:14 EST" skipped="0">
  <testcase classname="com.CommerceAP.TestCases.TC_AddLanguages_011" name="AddLanguages" time="28.942"/>
  <system-out/>
</testsuite> <!-- com.CommerceAP.TestCases.TC_AddLanguages_011 -->
