<?xml version="1.0" encoding="UTF-8"?>
<!-- Generated by org.testng.reporters.JUnitReportReporter -->
<testsuite hostname="AFRA" failures="0" tests="1" name="com.CommerceAP.TestCases.TC_AddAffiliate_009" time="28.327" errors="0" timestamp="2021-02-26T19:40:19 EST" skipped="0">
  <testcase classname="com.CommerceAP.TestCases.TC_AddAffiliate_009" name="AddAffiliate" time="28.327"/>
  <system-out/>
</testsuite> <!-- com.CommerceAP.TestCases.TC_AddAffiliate_009 -->
