<?xml version="1.0" encoding="UTF-8"?>
<!-- Generated by org.testng.reporters.JUnitReportReporter -->
<testsuite hostname="AFRA" failures="0" tests="1" name="com.CommerceAP.TestCases.TC_AddDiscounts_007" time="31.977" errors="0" timestamp="2021-02-19T16:44:47 EST" skipped="0">
  <testcase classname="com.CommerceAP.TestCases.TC_AddDiscounts_007" name="AddDiscounts" time="31.977"/>
  <system-out/>
</testsuite> <!-- com.CommerceAP.TestCases.TC_AddDiscounts_007 -->
