<?xml version="1.0" encoding="UTF-8"?>
<!-- Generated by org.testng.reporters.JUnitReportReporter -->
<testsuite hostname="AFRA" failures="0" tests="1" name="com.CommerceAP.TestCases.TC_AddProducts_002" time="46.447" errors="0" timestamp="2021-02-06T17:56:25 EST" skipped="0">
  <testcase classname="com.CommerceAP.TestCases.TC_AddProducts_002" name="AddProducts" time="46.447"/>
  <system-out/>
</testsuite> <!-- com.CommerceAP.TestCases.TC_AddProducts_002 -->
