<?xml version="1.0" encoding="UTF-8"?>
<!-- Generated by org.testng.reporters.JUnitReportReporter -->
<testsuite hostname="AFRA" failures="0" tests="1" name="com.CommerceAP.TestCases.TC_LoginTest_001" time="19.047" errors="0" timestamp="2021-02-16T14:28:10 EST" skipped="0">
  <testcase classname="com.CommerceAP.TestCases.TC_LoginTest_001" name="loginTest" time="19.047"/>
  <system-out/>
</testsuite> <!-- com.CommerceAP.TestCases.TC_LoginTest_001 -->
