<?xml version="1.0" encoding="UTF-8"?>
<!-- Generated by org.testng.reporters.JUnitReportReporter -->
<testsuite hostname="AFRA" failures="0" tests="1" name="com.CommerceAP.TestCases.TC_AddDiscounts_008" time="48.888" errors="0" timestamp="2021-03-22T13:31:20 EDT" skipped="0">
  <testcase classname="com.CommerceAP.TestCases.TC_AddDiscounts_008" name="AddDiscounts" time="48.888"/>
  <system-out/>
</testsuite> <!-- com.CommerceAP.TestCases.TC_AddDiscounts_008 -->
