<?xml version="1.0" encoding="UTF-8"?>
<!-- Generated by org.testng.reporters.JUnitReportReporter -->
<testsuite hostname="AFRA" failures="0" tests="1" name="com.CommerceAP.TestCases.TC_AddEmailaccount_010" time="40.278" errors="0" timestamp="2021-03-23T11:36:57 EDT" skipped="0">
  <testcase classname="com.CommerceAP.TestCases.TC_AddEmailaccount_010" name="AddEmailaccount" time="40.278"/>
  <system-out/>
</testsuite> <!-- com.CommerceAP.TestCases.TC_AddEmailaccount_010 -->
