<?xml version="1.0" encoding="UTF-8"?>
<!-- Generated by org.testng.reporters.JUnitReportReporter -->
<testsuite hostname="AFRA" failures="0" tests="1" name="com.CommerceAP.TestCases.TC_AddAffiliate_009" time="36.829" errors="0" timestamp="2021-02-26T16:58:26 EST" skipped="0">
  <testcase classname="com.CommerceAP.TestCases.TC_AddAffiliate_009" name="AddAffiliate" time="36.829"/>
  <system-out/>
</testsuite> <!-- com.CommerceAP.TestCases.TC_AddAffiliate_009 -->
